<?xml version="1.0" encoding="UTF-8"?>
<testng-results ignored="0" total="1" passed="1" failed="0" skipped="0">
  <reporter-output>
  </reporter-output>
  <suite started-at="2023-11-09T16:01:03 IST" name="Default suite" finished-at="2023-11-09T16:01:07 IST" duration-ms="3853">
    <groups>
    </groups>
    <test started-at="2023-11-09T16:01:03 IST" name="Default test" finished-at="2023-11-09T16:01:07 IST" duration-ms="3853">
      <class name="Restpack.Updateapi">
        <test-method signature="updateplace()[pri:0, instance:Restpack.Updateapi@209da20d]" started-at="2023-11-09T16:01:03 IST" name="updateplace" finished-at="2023-11-09T16:01:07 IST" duration-ms="3816" status="PASS">
          <reporter-output>
          </reporter-output>
        </test-method> <!-- updateplace -->
      </class> <!-- Restpack.Updateapi -->
    </test> <!-- Default test -->
  </suite> <!-- Default suite -->
</testng-results>
